[ 2018-06-16T16:50:01+08:00 ] ::1 /tplearn/shop/index.php/head.html
ERR: Ф≈═ФЁ∙Е┼═Х╫╫Ф▌╖Е┬╤Е≥╗:Head

[ 2018-06-16T16:50:01+08:00 ] ::1 /tplearn/shop/index.php/left.html
ERR: Ф≈═ФЁ∙Е┼═Х╫╫Ф▌╖Е┬╤Е≥╗:Left

[ 2018-06-16T16:50:01+08:00 ] ::1 /tplearn/shop/index.php/right.html
ERR: Ф≈═ФЁ∙Е┼═Х╫╫Ф▌╖Е┬╤Е≥╗:Right

[ 2018-06-16T16:53:25+08:00 ] ::1 /tplearn/shop/index.php/home/goods/goodslist
ERR: Ф≈═ФЁ∙Е┼═Х╫╫Ф∙╟Ф█╝Е╨⌠И╘╠Е┼╗: Think\Db\Driver\

[ 2018-06-16T16:53:53+08:00 ] ::1 /tplearn/shop/index.php/home/goods/goodslist
ERR: Ф≈═ФЁ∙Е┼═Х╫╫Ф∙╟Ф█╝Е╨⌠И╘╠Е┼╗: Think\Db\Driver\

[ 2018-06-16T16:54:36+08:00 ] ::1 /tplearn/shop/index.php/home/goods/goodslist
INFO: [ app_init ] --START--
INFO: Run Behavior\BuildLiteBehavior [ RunTime:0.000000s ]
INFO: [ app_init ] --END-- [ RunTime:0.011000s ]
ERR: SQLSTATE[HY000] [2002] сисза╛╫с╥╫тзр╩╤нй╠╪Д╨Сц╩спуЩх╥╢П╦╢╩Ра╛╫с╣джВ╩Зц╩сп╥╢с╕ё╛а╛╫сЁ╒йтй╖╟э║ё


[ 2018-06-16T16:54:36+08:00 ] ::1 /tplearn/shop/index.php/home/goods/goodslist
INFO: [ app_init ] --START--
INFO: Run Behavior\BuildLiteBehavior [ RunTime:0.000000s ]
INFO: [ app_init ] --END-- [ RunTime:0.001000s ]

[ 2018-06-16T16:54:57+08:00 ] ::1 /tplearn/shop/index.php/home/goods/goodslist
INFO: [ app_init ] --START--
INFO: Run Behavior\BuildLiteBehavior [ RunTime:0.000000s ]
INFO: [ app_init ] --END-- [ RunTime:0.000000s ]
ERR: SQLSTATE[HY000] [2002] сисза╛╫с╥╫тзр╩╤нй╠╪Д╨Сц╩спуЩх╥╢П╦╢╩Ра╛╫с╣джВ╩Зц╩сп╥╢с╕ё╛а╛╫сЁ╒йтй╖╟э║ё


[ 2018-06-16T16:58:42+08:00 ] ::1 /tplearn/shop/index.php/home/goods/goodslist
ERR: SQLSTATE[HY000] [2002] сисза╛╫с╥╫тзр╩╤нй╠╪Д╨Сц╩спуЩх╥╢П╦╢╩Ра╛╫с╣джВ╩Зц╩сп╥╢с╕ё╛а╛╫сЁ╒йтй╖╟э║ё


[ 2018-06-16T16:58:48+08:00 ] ::1 /tplearn/shop/index.php/home/goods
ERR: И²·ФЁ∙Ф⌠█Д╫°:index

[ 2018-06-16T16:59:18+08:00 ] ::1 /tplearn/shop/index.php/home/goods/goodslist
ERR: SQLSTATE[HY000] [2002] сисза╛╫с╥╫тзр╩╤нй╠╪Д╨Сц╩спуЩх╥╢П╦╢╩Ра╛╫с╣джВ╩Зц╩сп╥╢с╕ё╛а╛╫сЁ╒йтй╖╟э║ё


[ 2018-06-16T16:59:18+08:00 ] ::1 /tplearn/shop/index.php/home/goods
ERR: И²·ФЁ∙Ф⌠█Д╫°:index

[ 2018-06-16T17:00:00+08:00 ] ::1 /tplearn/shop/index.php/home/goods/goodslist
ERR: SQLSTATE[HY000] [2002] сисза╛╫с╥╫тзр╩╤нй╠╪Д╨Сц╩спуЩх╥╢П╦╢╩Ра╛╫с╣джВ╩Зц╩сп╥╢с╕ё╛а╛╫сЁ╒йтй╖╟э║ё


[ 2018-06-16T17:00:42+08:00 ] ::1 /tplearn/shop/index.php/home/goods/
ERR: И²·ФЁ∙Ф⌠█Д╫°:index

[ 2018-06-16T17:00:42+08:00 ] ::1 /tplearn/shop/index.php/home/goods/
ERR: И²·ФЁ∙Ф⌠█Д╫°:index

[ 2018-06-16T17:01:26+08:00 ] ::1 /tplearn/shop/index.php/home/goods/goodslist
ERR: SQLSTATE[HY000] [2002] сисза╛╫с╥╫тзр╩╤нй╠╪Д╨Сц╩спуЩх╥╢П╦╢╩Ра╛╫с╣джВ╩Зц╩сп╥╢с╕ё╛а╛╫сЁ╒йтй╖╟э║ё


[ 2018-06-16T17:02:04+08:00 ] ::1 /tplearn/shop/index.php/home/goods/goodslist
ERR: SQLSTATE[HY000] [2002] сисза╛╫с╥╫тзр╩╤нй╠╪Д╨Сц╩спуЩх╥╢П╦╢╩Ра╛╫с╣джВ╩Зц╩сп╥╢с╕ё╛а╛╫сЁ╒йтй╖╟э║ё


[ 2018-06-16T17:02:25+08:00 ] ::1 /tplearn/shop/index.php/home/goods/goodslist
ERR: SQLSTATE[HY000] [2002] сисза╛╫с╥╫тзр╩╤нй╠╪Д╨Сц╩спуЩх╥╢П╦╢╩Ра╛╫с╣джВ╩Зц╩сп╥╢с╕ё╛а╛╫сЁ╒йтй╖╟э║ё


[ 2018-06-16T17:03:28+08:00 ] ::1 /tplearn/shop/index.php/home/goods/goodslist
ERR: SQLSTATE[HY000] [2002] сисза╛╫с╥╫тзр╩╤нй╠╪Д╨Сц╩спуЩх╥╢П╦╢╩Ра╛╫с╣джВ╩Зц╩сп╥╢с╕ё╛а╛╫сЁ╒йтй╖╟э║ё


[ 2018-06-16T17:03:49+08:00 ] ::1 /tplearn/shop/index.php/home/goods/goodslist
ERR: SQLSTATE[HY000] [2002] сисза╛╫с╥╫тзр╩╤нй╠╪Д╨Сц╩спуЩх╥╢П╦╢╩Ра╛╫с╣джВ╩Зц╩сп╥╢с╕ё╛а╛╫сЁ╒йтй╖╟э║ё


[ 2018-06-16T17:05:43+08:00 ] ::1 /tplearn/shop/index.php/home/goods/goodslist
ERR: SQLSTATE[HY000] [2002] сисза╛╫с╥╫тзр╩╤нй╠╪Д╨Сц╩спуЩх╥╢П╦╢╩Ра╛╫с╣джВ╩Зц╩сп╥╢с╕ё╛а╛╫сЁ╒йтй╖╟э║ё


[ 2018-06-16T17:06:04+08:00 ] ::1 /tplearn/shop/index.php/home/goods/goodslist
ERR: SQLSTATE[HY000] [2002] сисза╛╫с╥╫тзр╩╤нй╠╪Д╨Сц╩спуЩх╥╢П╦╢╩Ра╛╫с╣джВ╩Зц╩сп╥╢с╕ё╛а╛╫сЁ╒йтй╖╟э║ё


[ 2018-06-16T17:07:07+08:00 ] ::1 /tplearn/shop/index.php/home/goods/goodslist
ERR: SQLSTATE[HY000] [2002] сисза╛╫с╥╫тзр╩╤нй╠╪Д╨Сц╩спуЩх╥╢П╦╢╩Ра╛╫с╣джВ╩Зц╩сп╥╢с╕ё╛а╛╫сЁ╒йтй╖╟э║ё


[ 2018-06-16T17:07:08+08:00 ] ::1 /tplearn/shop/index.php/home/goods
ERR: И²·ФЁ∙Ф⌠█Д╫°:index

[ 2018-06-16T17:07:08+08:00 ] ::1 /tplearn/shop/index.php/home/goods
ERR: И²·ФЁ∙Ф⌠█Д╫°:index

[ 2018-06-16T17:07:08+08:00 ] ::1 /tplearn/shop/index.php/home/goods
ERR: И²·ФЁ∙Ф⌠█Д╫°:index

[ 2018-06-16T17:07:43+08:00 ] ::1 /tplearn/shop/index.php/home/goods/goodslist
ERR: SQLSTATE[HY000] [2002] сисза╛╫с╥╫тзр╩╤нй╠╪Д╨Сц╩спуЩх╥╢П╦╢╩Ра╛╫с╣джВ╩Зц╩сп╥╢с╕ё╛а╛╫сЁ╒йтй╖╟э║ё


[ 2018-06-16T17:07:43+08:00 ] ::1 /tplearn/shop/index.php/home/goods
ERR: И²·ФЁ∙Ф⌠█Д╫°:index

[ 2018-06-16T17:07:43+08:00 ] ::1 /tplearn/shop/index.php/home/goods
ERR: И²·ФЁ∙Ф⌠█Д╫°:index

[ 2018-06-16T17:08:09+08:00 ] ::1 /tplearn/shop/index.php/home/goods/goodslist
ERR: SQLSTATE[HY000] [2002] сисза╛╫с╥╫тзр╩╤нй╠╪Д╨Сц╩спуЩх╥╢П╦╢╩Ра╛╫с╣джВ╩Зц╩сп╥╢с╕ё╛а╛╫сЁ╒йтй╖╟э║ё


