[ 2018-06-20T11:11:09+08:00 ] ::1 /tplearn/shop/index.php/head.html
ERR: 无法加载控制器:Head

[ 2018-06-20T11:11:09+08:00 ] ::1 /tplearn/shop/index.php/left.html
ERR: 无法加载控制器:Left

[ 2018-06-20T11:11:09+08:00 ] ::1 /tplearn/shop/index.php/right.html
ERR: 无法加载控制器:Right

[ 2018-06-20T11:12:21+08:00 ] ::1 /tplearn/shop/index.php
ERR: Syntax Error in template "D:/phpStudy/WWW/tplearn/shop/Home/View\Index\index.html"  on line 405 ".boxCenterList form{display:inline;}"  - Unexpected ":", expected one of: "}" , " "

[ 2018-06-20T11:18:12+08:00 ] ::1 /tplearn/shop/index.php/head.html
ERR: 无法加载控制器:Head

[ 2018-06-20T11:18:12+08:00 ] ::1 /tplearn/shop/index.php/left.html
ERR: 无法加载控制器:Left

[ 2018-06-20T11:18:12+08:00 ] ::1 /tplearn/shop/index.php/right.html
ERR: 无法加载控制器:Right

[ 2018-06-20T11:21:39+08:00 ] ::1 /tplearn/shop/index.php/head.html
ERR: 无法加载控制器:Head

[ 2018-06-20T11:21:40+08:00 ] ::1 /tplearn/shop/index.php/right.html
ERR: 无法加载控制器:Right

[ 2018-06-20T11:21:40+08:00 ] ::1 /tplearn/shop/index.php/left.html
ERR: 无法加载控制器:Left

