[ 2018-06-17T11:05:37+08:00 ] ::1 /tplearn/shop/index.php/admin/goods/goodslist
ERR: Syntax Error in template "D:/phpStudy/WWW/tplearn/shop/Admin/View\Goods\goodslist.html"  on line 12 ".tr_color{background-color: #9F88FF}"  - Unexpected ": ", expected one of: "}" , " "

[ 2018-06-17T11:06:11+08:00 ] ::1 /tplearn/shop/index.php/admin/goods/%3C?php%20echo%20CSS_URL?%3E/mine.css
ERR: 非法操作:

[ 2018-06-17T11:06:11+08:00 ] ::1 /tplearn/shop/index.php/admin/goods/%3C?php%20echo%20IMG_URL?%3E/20121018-174034-58977.jpg
ERR: 非法操作:

[ 2018-06-17T11:06:11+08:00 ] ::1 /tplearn/shop/index.php/admin/goods/%3C?php%20echo%20IMG_URL?%3E/20121018-174034-97960.jpg
ERR: 非法操作:

[ 2018-06-17T11:06:11+08:00 ] ::1 /tplearn/shop/index.php/admin/goods/%3C?php%20echo%20IMG_URL?%3E/20121018-174248-28718.jpg
ERR: 非法操作:

[ 2018-06-17T11:06:11+08:00 ] ::1 /tplearn/shop/index.php/admin/goods/%3C?php%20echo%20IMG_URL?%3E/20121018-174248-87501.jpg
ERR: 非法操作:

[ 2018-06-17T11:06:11+08:00 ] ::1 /tplearn/shop/index.php/admin/goods/%3C?php%20echo%20IMG_URL?%3E/20121018-174346-54660.jpg
ERR: 非法操作:

[ 2018-06-17T11:06:11+08:00 ] ::1 /tplearn/shop/index.php/admin/goods/%3C?php%20echo%20IMG_URL?%3E/20121018-174455-91962.jpg
ERR: 非法操作:

[ 2018-06-17T11:06:11+08:00 ] ::1 /tplearn/shop/index.php/admin/goods/%3C?php%20echo%20IMG_URL?%3E/20121018-174455-10118.jpg
ERR: 非法操作:

[ 2018-06-17T11:06:11+08:00 ] ::1 /tplearn/shop/index.php/admin/goods/%3C?php%20echo%20IMG_URL?%3E/20121018-174346-31424.jpg
ERR: 非法操作:

[ 2018-06-17T11:06:43+08:00 ] ::1 /tplearn/shop/index.php/admin/goods/%3C?php%20echo%20CSS_URL?%3E/mine.css
ERR: 非法操作:

[ 2018-06-17T11:06:43+08:00 ] ::1 /tplearn/shop/index.php/admin/goods/%3C?php%20echo%20IMG_URL?%3E/20121018-174034-58977.jpg
ERR: 非法操作:

[ 2018-06-17T11:06:43+08:00 ] ::1 /tplearn/shop/index.php/admin/goods/%3C?php%20echo%20IMG_URL?%3E/20121018-174034-97960.jpg
ERR: 非法操作:

[ 2018-06-17T11:06:43+08:00 ] ::1 /tplearn/shop/index.php/admin/goods/%3C?php%20echo%20IMG_URL?%3E/20121018-174248-28718.jpg
ERR: 非法操作:

[ 2018-06-17T11:06:43+08:00 ] ::1 /tplearn/shop/index.php/admin/goods/%3C?php%20echo%20IMG_URL?%3E/20121018-174248-87501.jpg
ERR: 非法操作:

[ 2018-06-17T11:06:43+08:00 ] ::1 /tplearn/shop/index.php/admin/goods/%3C?php%20echo%20IMG_URL?%3E/20121018-174346-31424.jpg
ERR: 非法操作:

[ 2018-06-17T11:06:43+08:00 ] ::1 /tplearn/shop/index.php/admin/goods/%3C?php%20echo%20IMG_URL?%3E/20121018-174455-10118.jpg
ERR: 非法操作:

[ 2018-06-17T11:06:43+08:00 ] ::1 /tplearn/shop/index.php/admin/goods/%3C?php%20echo%20IMG_URL?%3E/20121018-174346-54660.jpg
ERR: 非法操作:

[ 2018-06-17T11:06:43+08:00 ] ::1 /tplearn/shop/index.php/admin/goods/%3C?php%20echo%20IMG_URL?%3E/20121018-174455-91962.jpg
ERR: 非法操作:

[ 2018-06-17T16:05:59+08:00 ] ::1 /tplearn/shop/index.php/admin/goods/%3C?php%20echo%20CSS_URL?%3E/mine.css
ERR: 非法操作:

[ 2018-06-17T16:05:59+08:00 ] ::1 /tplearn/shop/index.php/admin/goods/%3C?php%20echo%20IMG_URL?%3E/20121018-174034-58977.jpg
ERR: 非法操作:

[ 2018-06-17T16:05:59+08:00 ] ::1 /tplearn/shop/index.php/admin/goods/%3C?php%20echo%20IMG_URL?%3E/20121018-174034-97960.jpg
ERR: 非法操作:

[ 2018-06-17T16:05:59+08:00 ] ::1 /tplearn/shop/index.php/admin/goods/%3C?php%20echo%20IMG_URL?%3E/20121018-174248-28718.jpg
ERR: 非法操作:

[ 2018-06-17T16:05:59+08:00 ] ::1 /tplearn/shop/index.php/admin/goods/%3C?php%20echo%20IMG_URL?%3E/20121018-174346-31424.jpg
ERR: 非法操作:

[ 2018-06-17T16:05:59+08:00 ] ::1 /tplearn/shop/index.php/admin/goods/%3C?php%20echo%20IMG_URL?%3E/20121018-174248-87501.jpg
ERR: 非法操作:

[ 2018-06-17T16:05:59+08:00 ] ::1 /tplearn/shop/index.php/admin/goods/%3C?php%20echo%20IMG_URL?%3E/20121018-174455-10118.jpg
ERR: 非法操作:

[ 2018-06-17T16:05:59+08:00 ] ::1 /tplearn/shop/index.php/admin/goods/%3C?php%20echo%20IMG_URL?%3E/20121018-174455-91962.jpg
ERR: 非法操作:

[ 2018-06-17T16:05:59+08:00 ] ::1 /tplearn/shop/index.php/admin/goods/%3C?php%20echo%20IMG_URL?%3E/20121018-174346-54660.jpg
ERR: 非法操作:

[ 2018-06-17T17:05:31+08:00 ] ::1 /tplearn/shop/index.php/admin/goods/%3C?php%20echo%20CSS_URL?%3E/mine.css
ERR: 非法操作:

[ 2018-06-17T17:05:31+08:00 ] ::1 /tplearn/shop/index.php/admin/goods/%3C?php%20echo%20IMG_URL?%3E/20121018-174034-58977.jpg
ERR: 非法操作:

[ 2018-06-17T17:05:31+08:00 ] ::1 /tplearn/shop/index.php/admin/goods/%3C?php%20echo%20IMG_URL?%3E/20121018-174034-97960.jpg
ERR: 非法操作:

[ 2018-06-17T17:05:31+08:00 ] ::1 /tplearn/shop/index.php/admin/goods/%3C?php%20echo%20IMG_URL?%3E/20121018-174248-28718.jpg
ERR: 非法操作:

[ 2018-06-17T17:05:31+08:00 ] ::1 /tplearn/shop/index.php/admin/goods/%3C?php%20echo%20IMG_URL?%3E/20121018-174248-87501.jpg
ERR: 非法操作:

[ 2018-06-17T17:05:31+08:00 ] ::1 /tplearn/shop/index.php/admin/goods/%3C?php%20echo%20IMG_URL?%3E/20121018-174346-31424.jpg
ERR: 非法操作:

[ 2018-06-17T17:05:31+08:00 ] ::1 /tplearn/shop/index.php/admin/goods/%3C?php%20echo%20IMG_URL?%3E/20121018-174346-54660.jpg
ERR: 非法操作:

[ 2018-06-17T17:05:31+08:00 ] ::1 /tplearn/shop/index.php/admin/goods/%3C?php%20echo%20IMG_URL?%3E/20121018-174455-10118.jpg
ERR: 非法操作:

[ 2018-06-17T17:05:31+08:00 ] ::1 /tplearn/shop/index.php/admin/goods/%3C?php%20echo%20IMG_URL?%3E/20121018-174455-91962.jpg
ERR: 非法操作:

[ 2018-06-17T17:05:49+08:00 ] ::1 /tplearn/shop/index.php/admin/goods/%3C?php%20echo%20CSS_URL?%3E/mine.css
ERR: 非法操作:

[ 2018-06-17T17:05:53+08:00 ] ::1 /tplearn/shop/index.php/admin/goods/%3C?php%20echo%20CSS_URL?%3E/mine.css
ERR: 非法操作:

[ 2018-06-17T17:05:53+08:00 ] ::1 /tplearn/shop/index.php/admin/goods/%3C?php%20echo%20IMG_URL?%3E/20121018-174034-58977.jpg
ERR: 非法操作:

[ 2018-06-17T17:05:53+08:00 ] ::1 /tplearn/shop/index.php/admin/goods/%3C?php%20echo%20IMG_URL?%3E/20121018-174034-97960.jpg
ERR: 非法操作:

[ 2018-06-17T17:05:53+08:00 ] ::1 /tplearn/shop/index.php/admin/goods/%3C?php%20echo%20IMG_URL?%3E/20121018-174248-28718.jpg
ERR: 非法操作:

[ 2018-06-17T17:05:53+08:00 ] ::1 /tplearn/shop/index.php/admin/goods/%3C?php%20echo%20IMG_URL?%3E/20121018-174248-87501.jpg
ERR: 非法操作:

[ 2018-06-17T17:05:53+08:00 ] ::1 /tplearn/shop/index.php/admin/goods/%3C?php%20echo%20IMG_URL?%3E/20121018-174346-31424.jpg
ERR: 非法操作:

[ 2018-06-17T17:05:53+08:00 ] ::1 /tplearn/shop/index.php/admin/goods/%3C?php%20echo%20IMG_URL?%3E/20121018-174455-91962.jpg
ERR: 非法操作:

[ 2018-06-17T17:05:53+08:00 ] ::1 /tplearn/shop/index.php/admin/goods/%3C?php%20echo%20IMG_URL?%3E/20121018-174346-54660.jpg
ERR: 非法操作:

[ 2018-06-17T17:05:53+08:00 ] ::1 /tplearn/shop/index.php/admin/goods/%3C?php%20echo%20IMG_URL?%3E/20121018-174455-10118.jpg
ERR: 非法操作:

[ 2018-06-17T17:07:26+08:00 ] ::1 /tplearn/shop/index.php/admin/goods/%3C?php%20echo%20CSS_URL?%3E/mine.css
ERR: 非法操作:

[ 2018-06-17T17:07:26+08:00 ] ::1 /tplearn/shop/index.php/admin/goods/%3C?php%20echo%20IMG_URL?%3E/20121018-174034-58977.jpg
ERR: 非法操作:

[ 2018-06-17T17:07:26+08:00 ] ::1 /tplearn/shop/index.php/admin/goods/%3C?php%20echo%20IMG_URL?%3E/20121018-174034-97960.jpg
ERR: 非法操作:

[ 2018-06-17T17:07:26+08:00 ] ::1 /tplearn/shop/index.php/admin/goods/%3C?php%20echo%20IMG_URL?%3E/20121018-174248-28718.jpg
ERR: 非法操作:

[ 2018-06-17T17:07:26+08:00 ] ::1 /tplearn/shop/index.php/admin/goods/%3C?php%20echo%20IMG_URL?%3E/20121018-174248-87501.jpg
ERR: 非法操作:

[ 2018-06-17T17:07:26+08:00 ] ::1 /tplearn/shop/index.php/admin/goods/%3C?php%20echo%20IMG_URL?%3E/20121018-174346-31424.jpg
ERR: 非法操作:

[ 2018-06-17T17:07:26+08:00 ] ::1 /tplearn/shop/index.php/admin/goods/%3C?php%20echo%20IMG_URL?%3E/20121018-174346-54660.jpg
ERR: 非法操作:

[ 2018-06-17T17:07:26+08:00 ] ::1 /tplearn/shop/index.php/admin/goods/%3C?php%20echo%20IMG_URL?%3E/20121018-174455-91962.jpg
ERR: 非法操作:

[ 2018-06-17T17:07:26+08:00 ] ::1 /tplearn/shop/index.php/admin/goods/%3C?php%20echo%20IMG_URL?%3E/20121018-174455-10118.jpg
ERR: 非法操作:

[ 2018-06-17T17:07:35+08:00 ] ::1 /tplearn/shop/index.php/admin/goods/%3C?php%20echo%20CSS_URL?%3E/mine.css
ERR: 非法操作:

[ 2018-06-17T17:07:35+08:00 ] ::1 /tplearn/shop/index.php/admin/goods/%3C?php%20echo%20IMG_URL?%3E/20121018-174034-58977.jpg
ERR: 非法操作:

[ 2018-06-17T17:07:35+08:00 ] ::1 /tplearn/shop/index.php/admin/goods/%3C?php%20echo%20IMG_URL?%3E/20121018-174034-97960.jpg
ERR: 非法操作:

[ 2018-06-17T17:07:35+08:00 ] ::1 /tplearn/shop/index.php/admin/goods/%3C?php%20echo%20IMG_URL?%3E/20121018-174248-28718.jpg
ERR: 非法操作:

[ 2018-06-17T17:07:35+08:00 ] ::1 /tplearn/shop/index.php/admin/goods/%3C?php%20echo%20IMG_URL?%3E/20121018-174248-87501.jpg
ERR: 非法操作:

[ 2018-06-17T17:07:35+08:00 ] ::1 /tplearn/shop/index.php/admin/goods/%3C?php%20echo%20IMG_URL?%3E/20121018-174346-31424.jpg
ERR: 非法操作:

[ 2018-06-17T17:07:35+08:00 ] ::1 /tplearn/shop/index.php/admin/goods/%3C?php%20echo%20IMG_URL?%3E/20121018-174346-54660.jpg
ERR: 非法操作:

[ 2018-06-17T17:07:35+08:00 ] ::1 /tplearn/shop/index.php/admin/goods/%3C?php%20echo%20IMG_URL?%3E/20121018-174455-10118.jpg
ERR: 非法操作:

[ 2018-06-17T17:07:35+08:00 ] ::1 /tplearn/shop/index.php/admin/goods/%3C?php%20echo%20IMG_URL?%3E/20121018-174455-91962.jpg
ERR: 非法操作:

[ 2018-06-17T17:07:37+08:00 ] ::1 /tplearn/shop/index.php/admin/goods/%3C?php%20echo%20CSS_URL?%3E/mine.css
ERR: 非法操作:

[ 2018-06-17T17:07:37+08:00 ] ::1 /tplearn/shop/index.php/admin/goods/%3C?php%20echo%20IMG_URL?%3E/20121018-174034-58977.jpg
ERR: 非法操作:

[ 2018-06-17T17:07:37+08:00 ] ::1 /tplearn/shop/index.php/admin/goods/%3C?php%20echo%20IMG_URL?%3E/20121018-174034-97960.jpg
ERR: 非法操作:

[ 2018-06-17T17:07:37+08:00 ] ::1 /tplearn/shop/index.php/admin/goods/%3C?php%20echo%20IMG_URL?%3E/20121018-174248-28718.jpg
ERR: 非法操作:

[ 2018-06-17T17:07:37+08:00 ] ::1 /tplearn/shop/index.php/admin/goods/%3C?php%20echo%20IMG_URL?%3E/20121018-174248-87501.jpg
ERR: 非法操作:

[ 2018-06-17T17:07:37+08:00 ] ::1 /tplearn/shop/index.php/admin/goods/%3C?php%20echo%20IMG_URL?%3E/20121018-174346-31424.jpg
ERR: 非法操作:

[ 2018-06-17T17:07:37+08:00 ] ::1 /tplearn/shop/index.php/admin/goods/%3C?php%20echo%20IMG_URL?%3E/20121018-174346-54660.jpg
ERR: 非法操作:

[ 2018-06-17T17:07:37+08:00 ] ::1 /tplearn/shop/index.php/admin/goods/%3C?php%20echo%20IMG_URL?%3E/20121018-174455-91962.jpg
ERR: 非法操作:

[ 2018-06-17T17:07:37+08:00 ] ::1 /tplearn/shop/index.php/admin/goods/%3C?php%20echo%20IMG_URL?%3E/20121018-174455-10118.jpg
ERR: 非法操作:

[ 2018-06-17T17:11:42+08:00 ] ::1 /tplearn/shop/index.php/admin/goods/%3C?php%20echo%20CSS_URL?%3E/mine.css
ERR: 非法操作:

[ 2018-06-17T17:42:35+08:00 ] ::1 /tplearn/shop/index.php/admin/goods/goodslist?s_product_mark=1
ERR: Think\Model:groupby方法不存在！

[ 2018-06-17T17:44:19+08:00 ] ::1 /tplearn/shop/index.php/admin/goods/goodslist?s_product_mark=1
ERR: Syntax Error in template "D:/phpStudy/WWW/tplearn/shop/Admin/View\Goods\goodslist.html"  on line 50 "&lt;td&gt;&lt;a href=&quot;#&quot;&gt;{$v.count(*)}&lt;/a&gt;&lt;/td&gt;"  - Unexpected "(", expected one of: "}" , " "

