[ 2018-04-09T10:18:19+08:00 ] ::1 /tplearn/shop/index.php/Admin/head.html
ERR: 无法加载控制器:Head

[ 2018-04-09T10:18:19+08:00 ] ::1 /tplearn/shop/index.php/Admin/left.html
ERR: 无法加载控制器:Left

[ 2018-04-09T10:18:19+08:00 ] ::1 /tplearn/shop/index.php/Admin/right.html
ERR: 无法加载控制器:Right

[ 2018-04-09T10:18:51+08:00 ] ::1 /tplearn/shop/index.php/Admin/Manager/
ERR: 非法操作:index

[ 2018-04-09T10:19:39+08:00 ] ::1 /tplearn/shop/index.php/Admin/Index/css/admin.css
ERR: 非法操作:css

[ 2018-04-09T10:19:55+08:00 ] ::1 /tplearn/shop/index.php/Admin/Index/css/admin.css
ERR: 非法操作:css

[ 2018-04-09T10:20:00+08:00 ] ::1 /tplearn/shop/index.php/Admin/Index/css/admin.css
ERR: 非法操作:css

[ 2018-04-09T10:20:03+08:00 ] ::1 /tplearn/shop/index.php/Admin/Index/css/admin.css
ERR: 非法操作:css

[ 2018-04-09T11:01:56+08:00 ] ::1 /tplearn/shop/index.php/Admin/Goods/showlist
ERR: 非法操作:showlist

[ 2018-04-09T11:03:06+08:00 ] ::1 /tplearn/shop/index.php/Admin/Index/index.php/Admin/Goods/Goodslist
ERR: 非法操作:index.php

[ 2018-04-09T11:04:07+08:00 ] ::1 /tplearn/shop/index.php/Admin/Index/tplearn/shop/index.php/Admin/Goods/Goodslist
ERR: 非法操作:tplearn

[ 2018-04-09T11:04:33+08:00 ] ::1 /tplearn/shop/index.php/Admin/Index/tplearn/shop/index.php/Admin/Goods/Goodslist
ERR: 非法操作:tplearn

[ 2018-04-09T11:04:36+08:00 ] ::1 /tplearn/shop/index.php/Admin/Index/tplearn/shop/index.php/Admin/Goods/Goodslist
ERR: 非法操作:tplearn

[ 2018-04-09T11:40:47+08:00 ] ::1 /tplearn/shop/index.php/Admin/Html%E3%80%81Html
ERR: 无法加载控制器:Html、Html

[ 2018-04-09T11:40:53+08:00 ] ::1 /tplearn/shop/index.php/Admin/Html/Html
ERR: 无法加载控制器:Html

[ 2018-04-09T11:41:37+08:00 ] ::1 /tplearn/shop/index.php/Admin/Html/Html
ERR: 无法加载控制器:Html

[ 2018-04-09T11:41:39+08:00 ] ::1 /tplearn/shop/index.php/Admin/Html/Html
ERR: 无法加载控制器:Html

